Arguments: 
  /usr/local/bin/node /usr/local/bin/yarn add babe-cli

PATH: 
  /Library/Frameworks/Python.framework/Versions/3.6/bin:/Library/Frameworks/Python.framework/Versions/2.7/bin:/usr/local/bin:/usr/bin:/bin:/usr/sbin:/sbin:/Library/Java/JavaVirtualMachines/jdk1.8.0_77.jdk/Contents/Home/bin :/Applications/Wireshark.app/Contents/MacOS:/Library/Frameworks/Python.framework/Versions/3.6/bin:/Library/Frameworks/Python.framework/Versions/2.7/bin:Library/Tomcat7/bin:/usr/local/mysql/bin:/usr/local/mongodb/bin:/Users/wins/.rvm/bin:Library/Tomcat7/bin:/usr/local/mysql/bin:/usr/local/mongodb/bin:/Users/wins/.rvm/bin

Yarn version: 
  1.3.2

Node version: 
  9.1.0

Platform: 
  darwin x64

npm manifest: 
  {
    "name": "wechat-qd",
    "version": "1.0.0",
    "description": "微信签到",
    "main": "index.js",
    "scripts": {
      "start": "nodemon index.js --exec babel-node --presets es2015",
      "test": "echo \"Error: no test specified\" && exit 1"
    },
    "keywords": [
      "NodeJs",
      "签到"
    ],
    "author": "simpler",
    "license": "MIT"
  }

yarn manifest: 
  No manifest

Lockfile: 
  No lockfile

Trace: 
  Error: https://registry.yarnpkg.com/babe-cli: Not found
      at Request.params.callback [as _callback] (/usr/local/lib/node_modules/yarn/lib/cli.js:62098:18)
      at Request.self.callback (/usr/local/lib/node_modules/yarn/lib/cli.js:123085:22)
      at emitTwo (events.js:135:13)
      at Request.emit (events.js:224:7)
      at Request.<anonymous> (/usr/local/lib/node_modules/yarn/lib/cli.js:124068:10)
      at emitOne (events.js:125:13)
      at Request.emit (events.js:221:7)
      at IncomingMessage.<anonymous> (/usr/local/lib/node_modules/yarn/lib/cli.js:123988:12)
      at Object.onceWrapper (events.js:322:30)
      at emitNone (events.js:120:20)
